<?xml version="1.0" encoding="UTF-8"?>
<testng-results total="1" passed="1" failed="0" skipped="0">
  <reporter-output>
  </reporter-output>
  <suite started-at="2021-10-08T23:21:54Z" name="CallWeatherByCityNameTest" finished-at="2021-10-08T23:21:55Z" duration-ms="1351">
    <groups>
    </groups>
    <test started-at="2021-10-08T23:21:54Z" name="Command line test" finished-at="2021-10-08T23:21:55Z" duration-ms="1351">
      <class name="CallWeatherByCityNameTest">
        <test-method signature="getLondonUKWeatherByCityTest()[pri:0, instance:CallWeatherByCityNameTest@12d4bf7e]" started-at="2021-10-08T19:21:54Z" name="getLondonUKWeatherByCityTest" finished-at="2021-10-08T19:21:55Z" duration-ms="1345" status="PASS">
          <reporter-output>
          </reporter-output>
        </test-method> <!-- getLondonUKWeatherByCityTest -->
      </class> <!-- CallWeatherByCityNameTest -->
    </test> <!-- Command line test -->
  </suite> <!-- CallWeatherByCityNameTest -->
</testng-results>
